<?xml version="1.0" encoding="UTF-8"?>
<testsuite xmlns:xsi="http://www.w3.org/2001/XMLSchema-instance" xsi:noNamespaceSchemaLocation="https://maven.apache.org/surefire/maven-surefire-plugin/xsd/surefire-test-report-3.0.xsd" version="3.0" name="com.business.BusinessProjectApplicationTests" time="3.154" tests="1" errors="0" skipped="0" failures="0">
  <properties>
[...]
</properties>
  <testcase name="contextLoads" classname="com.business.BusinessProjectApplicationTests" time="0.866">
    <system-out><![CDATA[13:23:45.160 [main] INFO org.springframework.test.context.support.AnnotationConfigContextLoaderUtils -- Could not detect default configuration classes for test class [com.business.BusinessProjectApplicationTests]: BusinessProjectApplicationTests does not declare any static, non-private, non-final, nested classes annotated with @Configuration.
13:23:45.268 [main] INFO org.springframework.boot.test.context.SpringBootTestContextBootstrapper -- Found @SpringBootConfiguration com.business.BusinessProjectApplication for test class com.business.BusinessProjectApplicationTests

  .   ____          _            __ _ _
 /\\ / ___'_ __ _ _(_)_ __  __ _ \ \ \ \
( ( )\___ | '_ | '_| | '_ \/ _` | \ \ \ \
 \\/  ___)| |_)| | | | | || (_| |  ) ) ) )
  '  |____| .__|_| |_|_| |_\__, | / / / /
 =========|_|==============|___/=/_/_/_/
 :: Spring Boot ::                (v3.1.3)

2026-08-20T13:23:45.828+05:30  INFO 11160 --- [           main] c.b.BusinessProjectApplicationTests      : Starting BusinessProjectApplicationTests using Java 21.0.12 with PID 11160 (started by jp199 in C:\Users\jp199\OneDrive\Documents\Business-Management-System)
2026-08-20T13:23:45.829+05:30  INFO 11160 --- [           main] c.b.BusinessProjectApplicationTests      : No active profile set, falling back to 1 default profile: "default"
2026-08-20T13:23:47.250+05:30  INFO 11160 --- [           main] c.b.BusinessProjectApplicationTests      : Started BusinessProjectApplicationTests in 1.821 seconds (process running for 2.826)
]]></system-out>
    <system-err><![CDATA[WARNING: A Java agent has been loaded dynamically (C:\Users\jp199\.m2\repository\net\bytebuddy\byte-buddy-agent\1.14.6\byte-buddy-agent-1.14.6.jar)
WARNING: If a serviceability tool is in use, please run with -XX:+EnableDynamicAgentLoading to hide this warning
WARNING: If a serviceability tool is not in use, please run with -Djdk.instrument.traceUsage for more information
WARNING: Dynamic loading of agents will be disallowed by default in a future release
]]></system-err>
  </testcase>
</testsuite>